Initializing document watcher...
Document watcher initialized
demo/dockerfile: {}
demo/dockerfile: {}
demo/dockerfile: Using EditorConfig core...
demo/dockerfile: Using EditorConfig core...
demo/dockerfile: {}
demo/dockerfile: Using EditorConfig core...
demo/dockerfile: {}
demo/dockerfile: Using EditorConfig core...
demo/dockerfile: Using EditorConfig core...
demo/dockerfile: Using EditorConfig core...
demo/dockerfile: {}
demo/config.json: {}
demo/dockerfile: {}
demo/dockerfile: Using EditorConfig core...
demo/dockerfile: Using EditorConfig core...
demo/dockerfile: Using EditorConfig core...
demo/dockerfile: {}
demo/dockerfile: Using EditorConfig core...
demo/dockerfile: {}
demo/Dockerfile: {}
demo/Dockerfile: {}
demo/Dockerfile: {}
demo/Dockerfile: {}
demo/Dockerfile: {}
demo/Dockerfile: {}
demo/Dockerfile: {}
